
  [4;36;1mSQL (0.1ms)[0m   [0;1mSET NAMES 'utf8'[0m
  [4;35;1mSQL (0.1ms)[0m   [0mSET SQL_AUTO_IS_NULL=0[0m


Processing PostsController#show (for 127.0.0.1 at 2010-06-04 15:25:09) [GET]
  Parameters: {"action"=>"show", "id"=>"1", "controller"=>"posts"}
  [4;36;1mPost Columns (3.0ms)[0m   [0;1mSHOW FIELDS FROM `posts`[0m
  [4;35;1mPost Load (84.7ms)[0m   [0mSELECT * FROM `posts` WHERE (`posts`.`id` = 1) [0m
Rendering template within layouts/application
Rendering posts/show
  [4;36;1mUser Columns (18.0ms)[0m   [0;1mSHOW FIELDS FROM `users`[0m
  [4;35;1mUser Load (57.3ms)[0m   [0mSELECT * FROM `users` WHERE (`users`.`id` = 1) [0m
  [4;36;1mComment Columns (1.4ms)[0m   [0;1mSHOW FIELDS FROM `comments`[0m
  [4;35;1mSQL (73.6ms)[0m   [0mSELECT count(*) AS count_all FROM `comments` WHERE (`comments`.commentable_id = 1 AND `comments`.commentable_type = 'Post') [0m
  [4;36;1mComment Load (0.3ms)[0m   [0;1mSELECT * FROM `comments` WHERE (`comments`.commentable_id = 1 AND `comments`.commentable_type = 'Post') [0m
  [4;35;1mCACHE (0.0ms)[0m   [0mSELECT * FROM `users` WHERE (`users`.`id` = 1) [0m
Rendered comments/_ajax_comment (47.0ms)
  [4;36;1mCACHE (0.0ms)[0m   [0;1mSELECT * FROM `users` WHERE (`users`.`id` = 1) [0m
Rendered comments/_ajax_comment (1.3ms)
  [4;35;1mCACHE (0.0ms)[0m   [0mSELECT * FROM `users` WHERE (`users`.`id` = 1) [0m
Rendered comments/_ajax_comment (1.0ms)
  [4;36;1mCACHE (0.0ms)[0m   [0;1mSELECT * FROM `users` WHERE (`users`.`id` = 1) [0m
Rendered comments/_ajax_comment (2.1ms)
Rendered comments/_form (31.6ms)
Rendered comments/_index (96.0ms)
  [4;35;1mUser Load (1.3ms)[0m   [0mSELECT * FROM `users` WHERE (`users`.`id` = '1') LIMIT 1[0m
  [4;36;1mSQL (31.9ms)[0m   [0;1mBEGIN[0m
  [4;35;1mUser Update (31.4ms)[0m   [0mUPDATE `users` SET `perishable_token` = 'Xe0Y2durWf1q19R8hgMN', `updated_at` = '2010-06-04 22:25:09', `last_request_at` = '2010-06-04 22:25:09' WHERE `id` = 1[0m
  [4;36;1mSQL (17.9ms)[0m   [0;1mCOMMIT[0m
Completed in 704ms (View: 263, DB: 338) | 200 OK [http://localhost/posts/1]
  [4;35;1mSQL (0.5ms)[0m   [0mSET NAMES 'utf8'[0m
  [4;36;1mSQL (0.6ms)[0m   [0;1mSET SQL_AUTO_IS_NULL=0[0m


Processing ApplicationController#index (for 127.0.0.1 at 2010-06-04 15:25:10) [GET]

ActionController::RoutingError (No route matches "/javascripts/ckeditor_autogrow.js" with {:method=>:get}):
  

Rendering rescues/layout (not_found)
  [4;35;1mSQL (0.1ms)[0m   [0mSET NAMES 'utf8'[0m
  [4;36;1mSQL (0.3ms)[0m   [0;1mSET SQL_AUTO_IS_NULL=0[0m


Processing Admin::EventsController#index (for 127.0.0.1 at 2010-06-04 16:08:09) [GET]
  Parameters: {"action"=>"index", "controller"=>"admin/events"}
Rendering template within layouts/application
Rendering admin/events/index
  [4;35;1mUser Columns (5.2ms)[0m   [0mSHOW FIELDS FROM `users`[0m
  [4;36;1mUser Load (0.4ms)[0m   [0;1mSELECT * FROM `users` WHERE (`users`.`id` = '1') LIMIT 1[0m
  [4;35;1mSQL (1.0ms)[0m   [0mBEGIN[0m
  [4;36;1mUser Update (0.3ms)[0m   [0;1mUPDATE `users` SET `perishable_token` = 'ztimmmqgYA0E5sCQbROZ', `updated_at` = '2010-06-04 23:08:09', `last_request_at` = '2010-06-04 23:08:09' WHERE `id` = 1[0m
  [4;35;1mSQL (3.2ms)[0m   [0mCOMMIT[0m
Completed in 82ms (View: 44, DB: 11) | 200 OK [http://localhost/admin/events]
  [4;36;1mSQL (37.0ms)[0m   [0;1mSET NAMES 'utf8'[0m
  [4;35;1mSQL (0.1ms)[0m   [0mSET SQL_AUTO_IS_NULL=0[0m


Processing ApplicationController#index (for 127.0.0.1 at 2010-06-04 16:08:09) [GET]

ActionController::RoutingError (No route matches "/javascripts/ckeditor_autogrow.js" with {:method=>:get}):
  

Rendering rescues/layout (not_found)
  [4;36;1mSQL (0.1ms)[0m   [0;1mSET NAMES 'utf8'[0m
  [4;35;1mSQL (0.1ms)[0m   [0mSET SQL_AUTO_IS_NULL=0[0m


Processing Admin::EventsController#index (for 127.0.0.1 at 2010-06-04 16:19:54) [GET]
  Parameters: {"action"=>"index", "controller"=>"admin/events"}
  [4;36;1mEvent Load (0.4ms)[0m   [0;1mSELECT * FROM `events` [0m
Rendering template within layouts/application
Rendering admin/events/index
  [4;35;1mUser Columns (2.2ms)[0m   [0mSHOW FIELDS FROM `users`[0m
  [4;36;1mUser Load (0.3ms)[0m   [0;1mSELECT * FROM `users` WHERE (`users`.`id` = '1') LIMIT 1[0m
  [4;35;1mSQL (0.1ms)[0m   [0mBEGIN[0m
  [4;36;1mUser Update (0.2ms)[0m   [0;1mUPDATE `users` SET `perishable_token` = '4zp-lJjpxllLInDfTvmi', `updated_at` = '2010-06-04 23:19:54', `last_request_at` = '2010-06-04 23:19:54' WHERE `id` = 1[0m
  [4;35;1mSQL (0.4ms)[0m   [0mCOMMIT[0m
Completed in 151ms (View: 98, DB: 4) | 200 OK [http://localhost/admin/events]
  [4;36;1mSQL (0.1ms)[0m   [0;1mSET NAMES 'utf8'[0m
  [4;35;1mSQL (2.6ms)[0m   [0mSET SQL_AUTO_IS_NULL=0[0m


Processing ApplicationController#index (for 127.0.0.1 at 2010-06-04 16:19:54) [GET]

ActionController::RoutingError (No route matches "/javascripts/ckeditor_autogrow.js" with {:method=>:get}):
  

Rendering rescues/layout (not_found)
  [4;36;1mSQL (0.2ms)[0m   [0;1mSET NAMES 'utf8'[0m
  [4;35;1mSQL (0.1ms)[0m   [0mSET SQL_AUTO_IS_NULL=0[0m


Processing Admin::EventsController#index (for 127.0.0.1 at 2010-06-04 16:26:26) [GET]
  Parameters: {"action"=>"index", "controller"=>"admin/events"}
  [4;36;1mEvent Load (0.3ms)[0m   [0;1mSELECT * FROM `events` [0m
Rendering template within layouts/application
Rendering admin/events/index
  [4;35;1mUser Columns (1.7ms)[0m   [0mSHOW FIELDS FROM `users`[0m
  [4;36;1mUser Load (0.3ms)[0m   [0;1mSELECT * FROM `users` WHERE (`users`.`id` = '1') LIMIT 1[0m
  [4;35;1mSQL (0.3ms)[0m   [0mBEGIN[0m
  [4;36;1mUser Update (1.0ms)[0m   [0;1mUPDATE `users` SET `perishable_token` = 'e1Ett2e7Xcjb1peDK-sg', `updated_at` = '2010-06-04 23:26:26', `last_request_at` = '2010-06-04 23:26:26' WHERE `id` = 1[0m
  [4;35;1mSQL (18.7ms)[0m   [0mCOMMIT[0m
Completed in 74ms (View: 32, DB: 23) | 200 OK [http://localhost/admin/events]
  [4;36;1mSQL (0.6ms)[0m   [0;1mSET NAMES 'utf8'[0m
  [4;35;1mSQL (0.1ms)[0m   [0mSET SQL_AUTO_IS_NULL=0[0m


Processing ApplicationController#index (for 127.0.0.1 at 2010-06-04 16:26:26) [GET]

ActionController::RoutingError (No route matches "/javascripts/ckeditor_autogrow.js" with {:method=>:get}):
  

Rendering rescues/layout (not_found)
  [4;36;1mSQL (0.1ms)[0m   [0;1mSET NAMES 'utf8'[0m
  [4;35;1mSQL (0.1ms)[0m   [0mSET SQL_AUTO_IS_NULL=0[0m


Processing EventsController#new (for 127.0.0.1 at 2010-06-04 16:27:42) [GET]
  Parameters: {"action"=>"new", "controller"=>"events"}
  [4;36;1mEvent Columns (1.6ms)[0m   [0;1mSHOW FIELDS FROM `events`[0m
Rendering template within layouts/application
Rendering events/new
Rendered events/_form (40.3ms)
  [4;35;1mUser Columns (5.5ms)[0m   [0mSHOW FIELDS FROM `users`[0m
  [4;36;1mUser Load (0.6ms)[0m   [0;1mSELECT * FROM `users` WHERE (`users`.`id` = '1') LIMIT 1[0m
  [4;35;1mSQL (0.1ms)[0m   [0mBEGIN[0m
  [4;36;1mUser Update (0.2ms)[0m   [0;1mUPDATE `users` SET `perishable_token` = 'bHu2WKxVRfJPsx73D_jk', `updated_at` = '2010-06-04 23:27:42', `last_request_at` = '2010-06-04 23:27:42' WHERE `id` = 1[0m
  [4;35;1mSQL (0.5ms)[0m   [0mCOMMIT[0m
Completed in 138ms (View: 110, DB: 9) | 200 OK [http://localhost/events/new]
  [4;36;1mSQL (0.1ms)[0m   [0;1mSET NAMES 'utf8'[0m
  [4;35;1mSQL (0.1ms)[0m   [0mSET SQL_AUTO_IS_NULL=0[0m


Processing ApplicationController#index (for 127.0.0.1 at 2010-06-04 16:27:42) [GET]

ActionController::RoutingError (No route matches "/javascripts/ckeditor_autogrow.js" with {:method=>:get}):
  

Rendering rescues/layout (not_found)
  [4;36;1mSQL (0.1ms)[0m   [0;1mSET NAMES 'utf8'[0m
  [4;35;1mSQL (0.1ms)[0m   [0mSET SQL_AUTO_IS_NULL=0[0m


Processing Admin::EventsController#index (for 127.0.0.1 at 2010-06-04 16:28:42) [GET]
  Parameters: {"action"=>"index", "controller"=>"admin/events"}
  [4;36;1mEvent Load (0.3ms)[0m   [0;1mSELECT * FROM `events` [0m
Rendering template within layouts/application
Rendering admin/events/index
  [4;35;1mUser Columns (2.4ms)[0m   [0mSHOW FIELDS FROM `users`[0m
  [4;36;1mUser Load (0.3ms)[0m   [0;1mSELECT * FROM `users` WHERE (`users`.`id` = '1') LIMIT 1[0m
  [4;35;1mSQL (0.1ms)[0m   [0mBEGIN[0m
  [4;36;1mUser Update (0.3ms)[0m   [0;1mUPDATE `users` SET `perishable_token` = '2jaD17fHgKTbAzgmA2DN', `updated_at` = '2010-06-04 23:28:42', `last_request_at` = '2010-06-04 23:28:42' WHERE `id` = 1[0m
  [4;35;1mSQL (0.6ms)[0m   [0mCOMMIT[0m
Completed in 53ms (View: 31, DB: 4) | 200 OK [http://localhost/admin/events]
  [4;36;1mSQL (0.1ms)[0m   [0;1mSET NAMES 'utf8'[0m
  [4;35;1mSQL (0.1ms)[0m   [0mSET SQL_AUTO_IS_NULL=0[0m


Processing ApplicationController#index (for 127.0.0.1 at 2010-06-04 16:28:42) [GET]

ActionController::RoutingError (No route matches "/javascripts/ckeditor_autogrow.js" with {:method=>:get}):
  

Rendering rescues/layout (not_found)
  [4;36;1mSQL (0.1ms)[0m   [0;1mSET NAMES 'utf8'[0m
  [4;35;1mSQL (0.1ms)[0m   [0mSET SQL_AUTO_IS_NULL=0[0m


Processing Admin::EventsController#new (for 127.0.0.1 at 2010-06-04 16:28:44) [GET]
  Parameters: {"action"=>"new", "controller"=>"admin/events"}
  [4;36;1mEvent Columns (1.6ms)[0m   [0;1mSHOW FIELDS FROM `events`[0m
Rendering template within layouts/application
Rendering admin/events/new
  [4;35;1mUser Columns (14.2ms)[0m   [0mSHOW FIELDS FROM `users`[0m
  [4;36;1mUser Load (0.3ms)[0m   [0;1mSELECT * FROM `users` WHERE (`users`.`id` = '1') LIMIT 1[0m
  [4;35;1mSQL (0.1ms)[0m   [0mBEGIN[0m
  [4;36;1mUser Update (0.3ms)[0m   [0;1mUPDATE `users` SET `perishable_token` = 'nS4xdUX3bJs5xYi-eCbR', `updated_at` = '2010-06-04 23:28:45', `last_request_at` = '2010-06-04 23:28:45' WHERE `id` = 1[0m
  [4;35;1mSQL (0.6ms)[0m   [0mCOMMIT[0m
Completed in 140ms (View: 105, DB: 18) | 200 OK [http://localhost/admin/events/new]
  [4;36;1mSQL (1.2ms)[0m   [0;1mSET NAMES 'utf8'[0m
  [4;35;1mSQL (0.1ms)[0m   [0mSET SQL_AUTO_IS_NULL=0[0m


Processing ApplicationController#index (for 127.0.0.1 at 2010-06-04 16:28:45) [GET]

ActionController::RoutingError (No route matches "/javascripts/ckeditor_autogrow.js" with {:method=>:get}):
  

Rendering rescues/layout (not_found)
  [4;36;1mSQL (0.1ms)[0m   [0;1mSET NAMES 'utf8'[0m
  [4;35;1mSQL (0.1ms)[0m   [0mSET SQL_AUTO_IS_NULL=0[0m


Processing Admin::EventsController#new (for 127.0.0.1 at 2010-06-04 16:28:54) [GET]
  Parameters: {"action"=>"new", "controller"=>"admin/events"}
  [4;36;1mEvent Columns (1.7ms)[0m   [0;1mSHOW FIELDS FROM `events`[0m
Rendering template within layouts/application
Rendering admin/events/new
  [4;35;1mUser Columns (7.6ms)[0m   [0mSHOW FIELDS FROM `users`[0m
  [4;36;1mUser Load (1.5ms)[0m   [0;1mSELECT * FROM `users` WHERE (`users`.`id` = '1') LIMIT 1[0m
  [4;35;1mSQL (0.1ms)[0m   [0mBEGIN[0m
  [4;36;1mUser Update (0.2ms)[0m   [0;1mUPDATE `users` SET `perishable_token` = 'UCJfOt8b0VZZ0S87Vp8x', `updated_at` = '2010-06-04 23:28:54', `last_request_at` = '2010-06-04 23:28:54' WHERE `id` = 1[0m
  [4;35;1mSQL (0.5ms)[0m   [0mCOMMIT[0m
Completed in 58ms (View: 26, DB: 15) | 200 OK [http://localhost/admin/events/new]
  [4;36;1mSQL (0.1ms)[0m   [0;1mSET NAMES 'utf8'[0m
  [4;35;1mSQL (0.1ms)[0m   [0mSET SQL_AUTO_IS_NULL=0[0m


Processing ApplicationController#index (for 127.0.0.1 at 2010-06-04 16:28:54) [GET]

ActionController::RoutingError (No route matches "/javascripts/ckeditor_autogrow.js" with {:method=>:get}):
  

Rendering rescues/layout (not_found)
  [4;36;1mSQL (0.1ms)[0m   [0;1mSET NAMES 'utf8'[0m
  [4;35;1mSQL (0.1ms)[0m   [0mSET SQL_AUTO_IS_NULL=0[0m


Processing Admin::EventsController#new (for 127.0.0.1 at 2010-06-04 16:29:09) [GET]
  Parameters: {"action"=>"new", "controller"=>"admin/events"}
  [4;36;1mEvent Columns (1.7ms)[0m   [0;1mSHOW FIELDS FROM `events`[0m
Rendering template within layouts/application
Rendering admin/events/new
  [4;35;1mUser Columns (1.8ms)[0m   [0mSHOW FIELDS FROM `users`[0m
  [4;36;1mUser Load (0.4ms)[0m   [0;1mSELECT * FROM `users` WHERE (`users`.`id` = '1') LIMIT 1[0m
  [4;35;1mSQL (0.2ms)[0m   [0mBEGIN[0m
  [4;36;1mUser Update (0.3ms)[0m   [0;1mUPDATE `users` SET `perishable_token` = '9IFL-nfEBJ9FQGu7D5tu', `updated_at` = '2010-06-04 23:29:09', `last_request_at` = '2010-06-04 23:29:09' WHERE `id` = 1[0m
  [4;35;1mSQL (0.6ms)[0m   [0mCOMMIT[0m
Completed in 62ms (View: 36, DB: 5) | 200 OK [http://localhost/admin/events/new]
  [4;36;1mSQL (0.1ms)[0m   [0;1mSET NAMES 'utf8'[0m
  [4;35;1mSQL (0.2ms)[0m   [0mSET SQL_AUTO_IS_NULL=0[0m


Processing ApplicationController#index (for 127.0.0.1 at 2010-06-04 16:29:09) [GET]

ActionController::RoutingError (No route matches "/javascripts/ckeditor_autogrow.js" with {:method=>:get}):
  

Rendering rescues/layout (not_found)
  [4;36;1mSQL (0.1ms)[0m   [0;1mSET NAMES 'utf8'[0m
  [4;35;1mSQL (0.1ms)[0m   [0mSET SQL_AUTO_IS_NULL=0[0m


Processing Admin::EventsController#new (for 127.0.0.1 at 2010-06-04 16:30:12) [GET]
  Parameters: {"action"=>"new", "controller"=>"admin/events"}
  [4;36;1mEvent Columns (1.6ms)[0m   [0;1mSHOW FIELDS FROM `events`[0m
Rendering template within layouts/application
Rendering admin/events/new
Rendered admin/events/_form (97.8ms)
  [4;35;1mUser Columns (2.0ms)[0m   [0mSHOW FIELDS FROM `users`[0m
  [4;36;1mUser Load (0.3ms)[0m   [0;1mSELECT * FROM `users` WHERE (`users`.`id` = '1') LIMIT 1[0m
  [4;35;1mSQL (0.5ms)[0m   [0mBEGIN[0m
  [4;36;1mUser Update (0.2ms)[0m   [0;1mUPDATE `users` SET `perishable_token` = 'z3-Pnrvp7BprY9JHaj-i', `updated_at` = '2010-06-04 23:30:12', `last_request_at` = '2010-06-04 23:30:12' WHERE `id` = 1[0m
  [4;35;1mSQL (0.5ms)[0m   [0mCOMMIT[0m
Completed in 154ms (View: 130, DB: 5) | 200 OK [http://localhost/admin/events/new]
  [4;36;1mSQL (0.2ms)[0m   [0;1mSET NAMES 'utf8'[0m
  [4;35;1mSQL (0.1ms)[0m   [0mSET SQL_AUTO_IS_NULL=0[0m


Processing ApplicationController#index (for 127.0.0.1 at 2010-06-04 16:30:12) [GET]

ActionController::RoutingError (No route matches "/javascripts/ckeditor_autogrow.js" with {:method=>:get}):
  

Rendering rescues/layout (not_found)
  [4;36;1mSQL (0.1ms)[0m   [0;1mSET NAMES 'utf8'[0m
  [4;35;1mSQL (0.1ms)[0m   [0mSET SQL_AUTO_IS_NULL=0[0m


Processing Admin::EventsController#new (for 127.0.0.1 at 2010-06-04 16:30:38) [GET]
  Parameters: {"action"=>"new", "controller"=>"admin/events"}
  [4;36;1mEvent Columns (1.6ms)[0m   [0;1mSHOW FIELDS FROM `events`[0m
Rendering template within layouts/application
Rendering admin/events/new
Rendered admin/events/_form (16.5ms)
  [4;35;1mUser Columns (7.8ms)[0m   [0mSHOW FIELDS FROM `users`[0m
  [4;36;1mUser Load (2.0ms)[0m   [0;1mSELECT * FROM `users` WHERE (`users`.`id` = '1') LIMIT 1[0m
  [4;35;1mSQL (0.2ms)[0m   [0mBEGIN[0m
  [4;36;1mUser Update (0.4ms)[0m   [0;1mUPDATE `users` SET `perishable_token` = 'zOfI9SKRpDURWZPsv_8s', `updated_at` = '2010-06-04 23:30:38', `last_request_at` = '2010-06-04 23:30:38' WHERE `id` = 1[0m
  [4;35;1mSQL (25.7ms)[0m   [0mCOMMIT[0m
Completed in 170ms (View: 48, DB: 39) | 200 OK [http://localhost/admin/events/new]
  [4;36;1mSQL (0.2ms)[0m   [0;1mSET NAMES 'utf8'[0m
  [4;35;1mSQL (0.1ms)[0m   [0mSET SQL_AUTO_IS_NULL=0[0m


Processing ApplicationController#index (for 127.0.0.1 at 2010-06-04 16:30:38) [GET]

ActionController::RoutingError (No route matches "/javascripts/ckeditor_autogrow.js" with {:method=>:get}):
  

Rendering rescues/layout (not_found)
  [4;36;1mSQL (0.1ms)[0m   [0;1mSET NAMES 'utf8'[0m
  [4;35;1mSQL (0.1ms)[0m   [0mSET SQL_AUTO_IS_NULL=0[0m


Processing Admin::EventsController#index (for 127.0.0.1 at 2010-06-04 16:30:40) [GET]
  Parameters: {"action"=>"index", "controller"=>"admin/events"}
  [4;36;1mEvent Load (0.2ms)[0m   [0;1mSELECT * FROM `events` [0m
Rendering template within layouts/application
Rendering admin/events/index
  [4;35;1mUser Columns (2.0ms)[0m   [0mSHOW FIELDS FROM `users`[0m
  [4;36;1mUser Load (1.3ms)[0m   [0;1mSELECT * FROM `users` WHERE (`users`.`id` = '1') LIMIT 1[0m
  [4;35;1mSQL (0.1ms)[0m   [0mBEGIN[0m
  [4;36;1mUser Update (0.2ms)[0m   [0;1mUPDATE `users` SET `perishable_token` = 'FhYCFsqo5pw8EiZxDfl9', `updated_at` = '2010-06-04 23:30:40', `last_request_at` = '2010-06-04 23:30:40' WHERE `id` = 1[0m
  [4;35;1mSQL (0.6ms)[0m   [0mCOMMIT[0m
Completed in 47ms (View: 25, DB: 5) | 200 OK [http://localhost/admin/events]
  [4;36;1mSQL (1.7ms)[0m   [0;1mSET NAMES 'utf8'[0m
  [4;35;1mSQL (0.3ms)[0m   [0mSET SQL_AUTO_IS_NULL=0[0m


Processing ApplicationController#index (for 127.0.0.1 at 2010-06-04 16:30:40) [GET]

ActionController::RoutingError (No route matches "/javascripts/ckeditor_autogrow.js" with {:method=>:get}):
  

Rendering rescues/layout (not_found)
  [4;36;1mSQL (0.1ms)[0m   [0;1mSET NAMES 'utf8'[0m
  [4;35;1mSQL (0.1ms)[0m   [0mSET SQL_AUTO_IS_NULL=0[0m


Processing Admin::EventsController#new (for 127.0.0.1 at 2010-06-04 16:30:42) [GET]
  Parameters: {"action"=>"new", "controller"=>"admin/events"}
  [4;36;1mEvent Columns (2.0ms)[0m   [0;1mSHOW FIELDS FROM `events`[0m
Rendering template within layouts/application
Rendering admin/events/new
Rendered admin/events/_form (47.1ms)
  [4;35;1mUser Columns (2.6ms)[0m   [0mSHOW FIELDS FROM `users`[0m
  [4;36;1mUser Load (3.8ms)[0m   [0;1mSELECT * FROM `users` WHERE (`users`.`id` = '1') LIMIT 1[0m
  [4;35;1mSQL (0.1ms)[0m   [0mBEGIN[0m
  [4;36;1mUser Update (0.3ms)[0m   [0;1mUPDATE `users` SET `perishable_token` = 'ytI6SB8a-V55nLGuP1AC', `updated_at` = '2010-06-04 23:30:42', `last_request_at` = '2010-06-04 23:30:42' WHERE `id` = 1[0m
  [4;35;1mSQL (0.6ms)[0m   [0mCOMMIT[0m
Completed in 123ms (View: 85, DB: 10) | 200 OK [http://localhost/admin/events/new]
  [4;36;1mSQL (0.1ms)[0m   [0;1mSET NAMES 'utf8'[0m
  [4;35;1mSQL (0.1ms)[0m   [0mSET SQL_AUTO_IS_NULL=0[0m


Processing ApplicationController#index (for 127.0.0.1 at 2010-06-04 16:30:42) [GET]

ActionController::RoutingError (No route matches "/javascripts/ckeditor_autogrow.js" with {:method=>:get}):
  

Rendering rescues/layout (not_found)
  [4;36;1mSQL (0.1ms)[0m   [0;1mSET NAMES 'utf8'[0m
  [4;35;1mSQL (0.1ms)[0m   [0mSET SQL_AUTO_IS_NULL=0[0m


Processing Admin::EventsController#new (for 127.0.0.1 at 2010-06-04 16:49:44) [GET]
  Parameters: {"action"=>"new", "controller"=>"admin/events"}
  [4;36;1mEvent Columns (3.4ms)[0m   [0;1mSHOW FIELDS FROM `events`[0m
Rendering template within layouts/application
Rendering admin/events/new

ActionView::TemplateError (undefined local variable or method `post' for #<ActionView::Base:0x229ecd8>) on line #3 of app/views/admin/events/_form.html.erb:
1: <% form_for @event do |f| %>
2:   <%= f.error_messages %>
3:     <%= f.hidden_field :user_id, :value => post.user_id || current_user.id %>
4:   <p>
5:     <%= f.label :title %><br />
6:     <%= f.text_field :title %>

    app/views/admin/events/_form.html.erb:3
    app/views/admin/events/_form.html.erb:1
    app/views/admin/events/new.html.erb:3

Rendered rescues/_trace (97.1ms)
Rendered rescues/_request_and_response (32.2ms)
Rendering rescues/layout (internal_server_error)
  [4;35;1mSQL (0.1ms)[0m   [0mSET NAMES 'utf8'[0m
  [4;36;1mSQL (0.5ms)[0m   [0;1mSET SQL_AUTO_IS_NULL=0[0m


Processing Admin::EventsController#new (for 127.0.0.1 at 2010-06-04 16:49:56) [GET]
  Parameters: {"action"=>"new", "controller"=>"admin/events"}
  [4;35;1mEvent Columns (1.9ms)[0m   [0mSHOW FIELDS FROM `events`[0m
Rendering template within layouts/application
Rendering admin/events/new

ActionView::TemplateError (undefined local variable or method `event' for #<ActionView::Base:0x2332244>) on line #3 of app/views/admin/events/_form.html.erb:
1: <% form_for @event do |f| %>
2:   <%= f.error_messages %>
3:     <%= f.hidden_field :user_id, :value => event.user_id || current_user.id %>
4:   <p>
5:     <%= f.label :title %><br />
6:     <%= f.text_field :title %>

    app/views/admin/events/_form.html.erb:3
    app/views/admin/events/_form.html.erb:1
    app/views/admin/events/new.html.erb:3

Rendered rescues/_trace (171.0ms)
Rendered rescues/_request_and_response (0.3ms)
Rendering rescues/layout (internal_server_error)
  [4;36;1mSQL (0.1ms)[0m   [0;1mSET NAMES 'utf8'[0m
  [4;35;1mSQL (0.9ms)[0m   [0mSET SQL_AUTO_IS_NULL=0[0m


Processing Admin::EventsController#new (for 127.0.0.1 at 2010-06-04 16:50:59) [GET]
  Parameters: {"action"=>"new", "controller"=>"admin/events"}
  [4;36;1mEvent Columns (1.6ms)[0m   [0;1mSHOW FIELDS FROM `events`[0m
Rendering template within layouts/application
Rendering admin/events/new

ActionView::TemplateError (undefined local variable or method `event' for #<ActionView::Base:0x2392770>) on line #3 of app/views/admin/events/_form.html.erb:
1: <% form_for [:admin, @event] do |f| %>
2:   <%= f.error_messages %>
3:     <%= f.hidden_field :user_id, :value => event.user_id || current_user.id %>
4:   <p>
5:     <%= f.label :title %><br />
6:     <%= f.text_field :title %>

    app/views/admin/events/_form.html.erb:3
    app/views/admin/events/_form.html.erb:1
    app/views/admin/events/new.html.erb:3

Rendered rescues/_trace (135.4ms)
Rendered rescues/_request_and_response (0.3ms)
Rendering rescues/layout (internal_server_error)
  [4;35;1mSQL (0.1ms)[0m   [0mSET NAMES 'utf8'[0m
  [4;36;1mSQL (0.1ms)[0m   [0;1mSET SQL_AUTO_IS_NULL=0[0m


Processing Admin::EventsController#new (for 127.0.0.1 at 2010-06-04 16:52:22) [GET]
  Parameters: {"action"=>"new", "controller"=>"admin/events"}
  [4;35;1mEvent Columns (1.6ms)[0m   [0mSHOW FIELDS FROM `events`[0m
Rendering template within layouts/application
Rendering admin/events/new
  [4;36;1mUser Columns (1.8ms)[0m   [0;1mSHOW FIELDS FROM `users`[0m
  [4;35;1mUser Load (0.4ms)[0m   [0mSELECT * FROM `users` WHERE (`users`.`id` = '1') LIMIT 1[0m
  [4;36;1mSQL (0.1ms)[0m   [0;1mBEGIN[0m
  [4;35;1mUser Update (0.3ms)[0m   [0mUPDATE `users` SET `perishable_token` = 'y2wFAQ22k5KBhz-kySuQ', `updated_at` = '2010-06-04 23:52:22', `last_request_at` = '2010-06-04 23:52:22' WHERE `id` = 1[0m
  [4;36;1mSQL (1.5ms)[0m   [0;1mCOMMIT[0m
Rendered admin/events/_form (45.5ms)
Completed in 74ms (View: 50, DB: 8) | 200 OK [http://localhost/admin/events/new]
  [4;35;1mSQL (0.1ms)[0m   [0mSET NAMES 'utf8'[0m
  [4;36;1mSQL (1.8ms)[0m   [0;1mSET SQL_AUTO_IS_NULL=0[0m


Processing ApplicationController#index (for 127.0.0.1 at 2010-06-04 16:52:22) [GET]

ActionController::RoutingError (No route matches "/javascripts/ckeditor_autogrow.js" with {:method=>:get}):
  

Rendering rescues/layout (not_found)
  [4;35;1mSQL (0.1ms)[0m   [0mSET NAMES 'utf8'[0m
  [4;36;1mSQL (0.1ms)[0m   [0;1mSET SQL_AUTO_IS_NULL=0[0m


Processing Admin::EventsController#new (for 127.0.0.1 at 2010-06-04 16:54:03) [GET]
  Parameters: {"action"=>"new", "controller"=>"admin/events"}
  [4;35;1mEvent Columns (1.7ms)[0m   [0mSHOW FIELDS FROM `events`[0m
Rendering template within layouts/application
Rendering admin/events/new
  [4;36;1mUser Columns (1.9ms)[0m   [0;1mSHOW FIELDS FROM `users`[0m
  [4;35;1mUser Load (0.4ms)[0m   [0mSELECT * FROM `users` WHERE (`users`.`id` = '1') LIMIT 1[0m
  [4;36;1mSQL (0.1ms)[0m   [0;1mBEGIN[0m
  [4;35;1mUser Update (0.2ms)[0m   [0mUPDATE `users` SET `perishable_token` = 'GPbrJpgeEi_8S6VppHc_', `updated_at` = '2010-06-04 23:54:03', `last_request_at` = '2010-06-04 23:54:03' WHERE `id` = 1[0m
  [4;36;1mSQL (0.5ms)[0m   [0;1mCOMMIT[0m
Rendered admin/events/_form (46.8ms)
Completed in 74ms (View: 52, DB: 5) | 200 OK [http://localhost/admin/events/new]
  [4;35;1mSQL (1.2ms)[0m   [0mSET NAMES 'utf8'[0m
  [4;36;1mSQL (2.0ms)[0m   [0;1mSET SQL_AUTO_IS_NULL=0[0m


Processing ApplicationController#index (for 127.0.0.1 at 2010-06-04 16:54:03) [GET]

ActionController::RoutingError (No route matches "/javascripts/ckeditor_autogrow.js" with {:method=>:get}):
  

Rendering rescues/layout (not_found)
  [4;35;1mSQL (0.1ms)[0m   [0mSET NAMES 'utf8'[0m
  [4;36;1mSQL (0.1ms)[0m   [0;1mSET SQL_AUTO_IS_NULL=0[0m


Processing Admin::EventsController#new (for 127.0.0.1 at 2010-06-04 16:56:24) [GET]
  Parameters: {"action"=>"new", "controller"=>"admin/events"}
  [4;35;1mEvent Columns (1.5ms)[0m   [0mSHOW FIELDS FROM `events`[0m
Rendering template within layouts/application
Rendering admin/events/new
  [4;36;1mUser Columns (6.0ms)[0m   [0;1mSHOW FIELDS FROM `users`[0m
  [4;35;1mUser Load (0.3ms)[0m   [0mSELECT * FROM `users` WHERE (`users`.`id` = '1') LIMIT 1[0m
  [4;36;1mSQL (0.1ms)[0m   [0;1mBEGIN[0m
  [4;35;1mUser Update (0.3ms)[0m   [0mUPDATE `users` SET `perishable_token` = '4BOcb1qIYDCtIMNHF9OQ', `updated_at` = '2010-06-04 23:56:24', `last_request_at` = '2010-06-04 23:56:24' WHERE `id` = 1[0m
  [4;36;1mSQL (1.0ms)[0m   [0;1mCOMMIT[0m
Rendered admin/events/_form (67.6ms)
Completed in 96ms (View: 67, DB: 10) | 200 OK [http://localhost/admin/events/new]
  [4;35;1mSQL (5.2ms)[0m   [0mSET NAMES 'utf8'[0m
  [4;36;1mSQL (16.3ms)[0m   [0;1mSET SQL_AUTO_IS_NULL=0[0m


Processing ApplicationController#index (for 127.0.0.1 at 2010-06-04 16:56:24) [GET]

ActionController::RoutingError (No route matches "/javascripts/ckeditor_autogrow.js" with {:method=>:get}):
  

Rendering rescues/layout (not_found)
  [4;35;1mSQL (0.4ms)[0m   [0mSET NAMES 'utf8'[0m
  [4;36;1mSQL (0.1ms)[0m   [0;1mSET SQL_AUTO_IS_NULL=0[0m


Processing Admin::EventsController#new (for 127.0.0.1 at 2010-06-04 16:57:55) [GET]
  Parameters: {"action"=>"new", "controller"=>"admin/events"}
  [4;35;1mEvent Columns (2.3ms)[0m   [0mSHOW FIELDS FROM `events`[0m
Rendering template within layouts/application
Rendering admin/events/new
  [4;36;1mUser Columns (4.6ms)[0m   [0;1mSHOW FIELDS FROM `users`[0m
  [4;35;1mUser Load (0.3ms)[0m   [0mSELECT * FROM `users` WHERE (`users`.`id` = '1') LIMIT 1[0m
  [4;36;1mSQL (0.1ms)[0m   [0;1mBEGIN[0m
  [4;35;1mUser Update (0.3ms)[0m   [0mUPDATE `users` SET `perishable_token` = 'OsMWNuDH1GnSxJwMDTkN', `updated_at` = '2010-06-04 23:57:55', `last_request_at` = '2010-06-04 23:57:55' WHERE `id` = 1[0m
  [4;36;1mSQL (0.5ms)[0m   [0;1mCOMMIT[0m
Rendered admin/events/_form (52.7ms)
Completed in 86ms (View: 56, DB: 9) | 200 OK [http://localhost/admin/events/new]
  [4;35;1mSQL (0.1ms)[0m   [0mSET NAMES 'utf8'[0m
  [4;36;1mSQL (0.2ms)[0m   [0;1mSET SQL_AUTO_IS_NULL=0[0m


Processing ApplicationController#index (for 127.0.0.1 at 2010-06-04 16:57:55) [GET]

ActionController::RoutingError (No route matches "/javascripts/ckeditor_autogrow.js" with {:method=>:get}):
  

Rendering rescues/layout (not_found)
  [4;35;1mSQL (0.1ms)[0m   [0mSET NAMES 'utf8'[0m
  [4;36;1mSQL (0.1ms)[0m   [0;1mSET SQL_AUTO_IS_NULL=0[0m


Processing Admin::EventsController#create (for 127.0.0.1 at 2010-06-04 16:58:07) [POST]
  Parameters: {"commit"=>"Save changes", "action"=>"create", "authenticity_token"=>"v4V5TgoLiLhxmnc63K7YysFU29EtL1Dr0kdSlcwG/+Q=", "event"=>{"time(1i)"=>"2010", "time(2i)"=>"6", "time(3i)"=>"4", "body"=>"<p>\r\n\tsome event</p>\r\n", "title"=>"first event", "time(4i)"=>"23", "time(5i)"=>"57", "user_id"=>"1", "poll_id"=>"", "active"=>"1"}, "controller"=>"admin/events"}
  [4;35;1mEvent Columns (10.0ms)[0m   [0mSHOW FIELDS FROM `events`[0m
  [4;36;1mSQL (0.1ms)[0m   [0;1mBEGIN[0m
  [4;35;1mEvent Create (0.0ms)[0m   [0mMysql::Error: Column 'poll_id' cannot be null: INSERT INTO `events` (`updated_at`, `title`, `body`, `time`, `user_id`, `poll_id`, `active`, `created_at`) VALUES('2010-06-04 23:58:07', 'first event', '<p>\r\n	some event</p>\r\n', '2010-06-04 23:57:00', 1, NULL, 1, '2010-06-04 23:58:07')[0m
  [4;36;1mSQL (0.1ms)[0m   [0;1mROLLBACK[0m

ActiveRecord::StatementInvalid (Mysql::Error: Column 'poll_id' cannot be null: INSERT INTO `events` (`updated_at`, `title`, `body`, `time`, `user_id`, `poll_id`, `active`, `created_at`) VALUES('2010-06-04 23:58:07', 'first event', '<p>\r\n	some event</p>\r\n', '2010-06-04 23:57:00', 1, NULL, 1, '2010-06-04 23:58:07')):
  /Library/Ruby/Gems/1.8/gems/rails-footnotes-3.6.6/lib/rails-footnotes/notes/queries_note.rb:156:in `execute'
  /Library/Ruby/Gems/1.8/gems/rails-footnotes-3.6.6/lib/rails-footnotes/notes/queries_note.rb:156:in `execute'
  app/controllers/admin/events_controller.rb:16:in `create'

Rendered rescues/_trace (134.6ms)
Rendered rescues/_request_and_response (1.8ms)
Rendering rescues/layout (internal_server_error)
  [4;35;1mSQL (0.1ms)[0m   [0mSET NAMES 'utf8'[0m
  [4;36;1mSQL (0.1ms)[0m   [0;1mSET SQL_AUTO_IS_NULL=0[0m


Processing Admin::EventsController#create (for 127.0.0.1 at 2010-06-04 16:58:44) [POST]
  Parameters: {"commit"=>"Save changes", "action"=>"create", "authenticity_token"=>"v4V5TgoLiLhxmnc63K7YysFU29EtL1Dr0kdSlcwG/+Q=", "event"=>{"time(1i)"=>"2010", "time(2i)"=>"6", "time(3i)"=>"4", "body"=>"<p>\r\n\tsome event</p>\r\n", "title"=>"first event", "time(4i)"=>"23", "time(5i)"=>"57", "user_id"=>"1", "poll_id"=>"0", "active"=>"1"}, "controller"=>"admin/events"}
  [4;35;1mEvent Columns (1.7ms)[0m   [0mSHOW FIELDS FROM `events`[0m
  [4;36;1mSQL (0.2ms)[0m   [0;1mBEGIN[0m
  [4;35;1mEvent Create (0.3ms)[0m   [0mINSERT INTO `events` (`updated_at`, `title`, `body`, `time`, `user_id`, `poll_id`, `active`, `created_at`) VALUES('2010-06-04 23:58:44', 'first event', '<p>\r\n	some event</p>\r\n', '2010-06-04 23:57:00', 1, 0, 1, '2010-06-04 23:58:44')[0m
  [4;36;1mSQL (1.3ms)[0m   [0;1mCOMMIT[0m
Redirected to http://localhost:3000/events/1
Completed in 16ms (DB: 4) | 302 Found [http://localhost/admin/events]
  [4;35;1mSQL (0.1ms)[0m   [0mSET NAMES 'utf8'[0m
  [4;36;1mSQL (0.1ms)[0m   [0;1mSET SQL_AUTO_IS_NULL=0[0m


Processing EventsController#show (for 127.0.0.1 at 2010-06-04 16:58:44) [GET]
  Parameters: {"action"=>"show", "id"=>"1", "controller"=>"events"}
  [4;35;1mEvent Columns (2.2ms)[0m   [0mSHOW FIELDS FROM `events`[0m
  [4;36;1mEvent Load (0.3ms)[0m   [0;1mSELECT * FROM `events` WHERE (`events`.`id` = 1) [0m
Rendering template within layouts/application
Rendering events/show
  [4;35;1mUser Columns (14.4ms)[0m   [0mSHOW FIELDS FROM `users`[0m
  [4;36;1mUser Load (0.3ms)[0m   [0;1mSELECT * FROM `users` WHERE (`users`.`id` = '1') LIMIT 1[0m
  [4;35;1mSQL (0.1ms)[0m   [0mBEGIN[0m
  [4;36;1mUser Update (0.3ms)[0m   [0;1mUPDATE `users` SET `perishable_token` = '0gTMDUjBYClynsaGhnpT', `updated_at` = '2010-06-04 23:58:44', `last_request_at` = '2010-06-04 23:58:44' WHERE `id` = 1[0m
  [4;35;1mSQL (0.5ms)[0m   [0mCOMMIT[0m
Completed in 183ms (View: 141, DB: 19) | 200 OK [http://localhost/events/1]
  [4;36;1mSQL (0.4ms)[0m   [0;1mSET NAMES 'utf8'[0m
  [4;35;1mSQL (0.1ms)[0m   [0mSET SQL_AUTO_IS_NULL=0[0m


Processing ApplicationController#index (for 127.0.0.1 at 2010-06-04 16:58:44) [GET]

ActionController::RoutingError (No route matches "/javascripts/ckeditor_autogrow.js" with {:method=>:get}):
  

Rendering rescues/layout (not_found)
  [4;36;1mSQL (0.1ms)[0m   [0;1mSET NAMES 'utf8'[0m
  [4;35;1mSQL (0.1ms)[0m   [0mSET SQL_AUTO_IS_NULL=0[0m


Processing Admin::EventsController#create (for 127.0.0.1 at 2010-06-04 17:01:00) [POST]
  Parameters: {"commit"=>"Save changes", "action"=>"create", "authenticity_token"=>"v4V5TgoLiLhxmnc63K7YysFU29EtL1Dr0kdSlcwG/+Q=", "event"=>{"time(1i)"=>"2010", "time(2i)"=>"6", "time(3i)"=>"4", "body"=>"<p>\r\n\tsome event</p>\r\n", "title"=>"more ", "time(4i)"=>"23", "time(5i)"=>"57", "user_id"=>"1", "poll_id"=>"0", "active"=>"1"}, "controller"=>"admin/events"}
  [4;36;1mEvent Columns (1.6ms)[0m   [0;1mSHOW FIELDS FROM `events`[0m
  [4;35;1mSQL (0.1ms)[0m   [0mBEGIN[0m
  [4;36;1mEvent Create (0.2ms)[0m   [0;1mINSERT INTO `events` (`updated_at`, `title`, `body`, `time`, `user_id`, `poll_id`, `active`, `created_at`) VALUES('2010-06-05 00:01:00', 'more ', '<p>\r\n	some event</p>\r\n', '2010-06-04 23:57:00', 1, 0, 1, '2010-06-05 00:01:00')[0m
  [4;35;1mSQL (0.5ms)[0m   [0mCOMMIT[0m
Redirected to http://localhost:3000/admin/events/2
Completed in 12ms (DB: 3) | 302 Found [http://localhost/admin/events]
  [4;36;1mSQL (0.1ms)[0m   [0;1mSET NAMES 'utf8'[0m
  [4;35;1mSQL (0.1ms)[0m   [0mSET SQL_AUTO_IS_NULL=0[0m


Processing Admin::EventsController#show (for 127.0.0.1 at 2010-06-04 17:01:00) [GET]
  Parameters: {"action"=>"show", "id"=>"2", "controller"=>"admin/events"}
  [4;36;1mEvent Columns (4.3ms)[0m   [0;1mSHOW FIELDS FROM `events`[0m
  [4;35;1mEvent Load (0.4ms)[0m   [0mSELECT * FROM `events` WHERE (`events`.`id` = 2) [0m
Rendering template within layouts/application
Rendering admin/events/show
  [4;36;1mUser Columns (22.3ms)[0m   [0;1mSHOW FIELDS FROM `users`[0m
  [4;35;1mUser Load (0.3ms)[0m   [0mSELECT * FROM `users` WHERE (`users`.`id` = '1') LIMIT 1[0m
  [4;36;1mSQL (0.1ms)[0m   [0;1mBEGIN[0m
  [4;35;1mUser Update (0.2ms)[0m   [0mUPDATE `users` SET `perishable_token` = 'KKKhT2SvPpAfzZ64A4Wp', `updated_at` = '2010-06-05 00:01:00', `last_request_at` = '2010-06-05 00:01:00' WHERE `id` = 1[0m
  [4;36;1mSQL (0.4ms)[0m   [0;1mCOMMIT[0m
Completed in 146ms (View: 30, DB: 29) | 200 OK [http://localhost/admin/events/2]
  [4;35;1mSQL (0.1ms)[0m   [0mSET NAMES 'utf8'[0m
  [4;36;1mSQL (0.3ms)[0m   [0;1mSET SQL_AUTO_IS_NULL=0[0m


Processing ApplicationController#index (for 127.0.0.1 at 2010-06-04 17:01:01) [GET]

ActionController::RoutingError (No route matches "/javascripts/ckeditor_autogrow.js" with {:method=>:get}):
  

Rendering rescues/layout (not_found)
  [4;35;1mSQL (0.1ms)[0m   [0mSET NAMES 'utf8'[0m
  [4;36;1mSQL (0.1ms)[0m   [0;1mSET SQL_AUTO_IS_NULL=0[0m


Processing Admin::EventsController#show (for 127.0.0.1 at 2010-06-04 17:01:48) [GET]
  Parameters: {"action"=>"show", "id"=>"2", "controller"=>"admin/events"}
  [4;35;1mEvent Columns (2.6ms)[0m   [0mSHOW FIELDS FROM `events`[0m
  [4;36;1mEvent Load (13.8ms)[0m   [0;1mSELECT * FROM `events` WHERE (`events`.`id` = 2) [0m
Rendering template within layouts/application
Rendering admin/events/show
  [4;35;1mUser Columns (1.8ms)[0m   [0mSHOW FIELDS FROM `users`[0m
  [4;36;1mUser Load (2.0ms)[0m   [0;1mSELECT * FROM `users` WHERE (`users`.`id` = '1') LIMIT 1[0m
  [4;35;1mSQL (0.1ms)[0m   [0mBEGIN[0m
  [4;36;1mUser Update (0.2ms)[0m   [0;1mUPDATE `users` SET `perishable_token` = '0RSwO9dbGOxbqqd-94Mu', `updated_at` = '2010-06-05 00:01:48', `last_request_at` = '2010-06-05 00:01:48' WHERE `id` = 1[0m
  [4;35;1mSQL (0.4ms)[0m   [0mCOMMIT[0m
Completed in 80ms (View: 35, DB: 22) | 200 OK [http://localhost/admin/events/2]
  [4;36;1mSQL (0.4ms)[0m   [0;1mSET NAMES 'utf8'[0m
  [4;35;1mSQL (0.1ms)[0m   [0mSET SQL_AUTO_IS_NULL=0[0m


Processing ApplicationController#index (for 127.0.0.1 at 2010-06-04 17:01:48) [GET]

ActionController::RoutingError (No route matches "/javascripts/ckeditor_autogrow.js" with {:method=>:get}):
  

Rendering rescues/layout (not_found)
  [4;36;1mSQL (0.1ms)[0m   [0;1mSET NAMES 'utf8'[0m
  [4;35;1mSQL (0.1ms)[0m   [0mSET SQL_AUTO_IS_NULL=0[0m


Processing Admin::EventsController#show (for 127.0.0.1 at 2010-06-04 17:02:05) [GET]
  Parameters: {"action"=>"show", "id"=>"2", "controller"=>"admin/events"}
  [4;36;1mEvent Columns (1.7ms)[0m   [0;1mSHOW FIELDS FROM `events`[0m
  [4;35;1mEvent Load (0.2ms)[0m   [0mSELECT * FROM `events` WHERE (`events`.`id` = 2) [0m
Rendering template within layouts/application
Rendering admin/events/show
  [4;36;1mUser Columns (1.9ms)[0m   [0;1mSHOW FIELDS FROM `users`[0m
  [4;35;1mUser Load (1.0ms)[0m   [0mSELECT * FROM `users` WHERE (`users`.`id` = '1') LIMIT 1[0m
  [4;36;1mSQL (0.2ms)[0m   [0;1mBEGIN[0m
  [4;35;1mUser Update (0.3ms)[0m   [0mUPDATE `users` SET `perishable_token` = '7ElkHk9wJvRt5DPRGP6b', `updated_at` = '2010-06-05 00:02:06', `last_request_at` = '2010-06-05 00:02:06' WHERE `id` = 1[0m
  [4;36;1mSQL (0.8ms)[0m   [0;1mCOMMIT[0m
Completed in 62ms (View: 35, DB: 7) | 200 OK [http://localhost/admin/events/2]
  [4;35;1mSQL (0.1ms)[0m   [0mSET NAMES 'utf8'[0m
  [4;36;1mSQL (0.4ms)[0m   [0;1mSET SQL_AUTO_IS_NULL=0[0m


Processing ApplicationController#index (for 127.0.0.1 at 2010-06-04 17:02:06) [GET]

ActionController::RoutingError (No route matches "/javascripts/ckeditor_autogrow.js" with {:method=>:get}):
  

Rendering rescues/layout (not_found)
  [4;35;1mSQL (0.1ms)[0m   [0mSET NAMES 'utf8'[0m
  [4;36;1mSQL (0.1ms)[0m   [0;1mSET SQL_AUTO_IS_NULL=0[0m


Processing Admin::EventsController#show (for 127.0.0.1 at 2010-06-04 17:03:07) [GET]
  Parameters: {"action"=>"show", "id"=>"2", "controller"=>"admin/events"}
  [4;35;1mEvent Columns (1.9ms)[0m   [0mSHOW FIELDS FROM `events`[0m
  [4;36;1mEvent Load (0.3ms)[0m   [0;1mSELECT * FROM `events` WHERE (`events`.`id` = 2) [0m
Rendering template within layouts/application
Rendering admin/events/show

ActionView::TemplateError (undefined method `user' for #<Event:0x265ebe8>) on line #7 of app/views/admin/events/show.html.erb:
4: 
5: <p>
6:   <strong>User:</strong>
7:   <%=h @event.user.login %>
8: </p>
9: <p>
10:   <strong>Title:</strong>

    app/views/admin/events/show.html.erb:7

Rendered rescues/_trace (53.5ms)
Rendered rescues/_request_and_response (0.3ms)
Rendering rescues/layout (internal_server_error)
  [4;36;1mSQL (0.2ms)[0m   [0;1mSET NAMES 'utf8'[0m
  [4;35;1mSQL (0.1ms)[0m   [0mSET SQL_AUTO_IS_NULL=0[0m
  [4;36;1mEvent Columns (1.7ms)[0m   [0;1mSHOW FIELDS FROM `events`[0m
  [4;35;1mEvent Load (0.3ms)[0m   [0mSELECT * FROM `events` WHERE (`events`.`id` = 1) [0m
  [4;36;1mSQL (0.1ms)[0m   [0;1mSET NAMES 'utf8'[0m
  [4;35;1mSQL (0.1ms)[0m   [0mSET SQL_AUTO_IS_NULL=0[0m
  [4;36;1mEvent Columns (7.0ms)[0m   [0;1mSHOW FIELDS FROM `events`[0m
  [4;35;1mEvent Load (1.0ms)[0m   [0mSELECT * FROM `events` WHERE (`events`.`id` = 1) [0m
  [4;35;1mSQL (0.1ms)[0m   [0mSET NAMES 'utf8'[0m
  [4;36;1mSQL (0.1ms)[0m   [0;1mSET SQL_AUTO_IS_NULL=0[0m


Processing Admin::EventsController#show (for 127.0.0.1 at 2010-06-04 17:05:38) [GET]
  Parameters: {"action"=>"show", "id"=>"2", "controller"=>"admin/events"}
  [4;35;1mEvent Columns (1.7ms)[0m   [0mSHOW FIELDS FROM `events`[0m
  [4;36;1mEvent Load (0.2ms)[0m   [0;1mSELECT * FROM `events` WHERE (`events`.`id` = 2) [0m
Rendering template within layouts/application
Rendering admin/events/show

ActionView::TemplateError (undefined method `user' for #<Event:0x22c3d58>) on line #7 of app/views/admin/events/show.html.erb:
4: 
5: <p>
6:   <strong>User:</strong>
7:   <%=h @event.user.login %>
8: </p>
9: <p>
10:   <strong>Title:</strong>

    app/views/admin/events/show.html.erb:7

Rendered rescues/_trace (126.4ms)
Rendered rescues/_request_and_response (1.8ms)
Rendering rescues/layout (internal_server_error)
  [4;36;1mPost Columns (1.7ms)[0m   [0;1mSHOW FIELDS FROM `posts`[0m
  [4;35;1mPost Load (0.2ms)[0m   [0mSELECT * FROM `posts` WHERE (`posts`.`id` = 1) [0m
  [4;36;1mSQL (0.1ms)[0m   [0;1mSET NAMES 'utf8'[0m
  [4;35;1mSQL (0.1ms)[0m   [0mSET SQL_AUTO_IS_NULL=0[0m
  [4;36;1mPost Columns (1.6ms)[0m   [0;1mSHOW FIELDS FROM `posts`[0m
  [4;35;1mPost Load (0.2ms)[0m   [0mSELECT * FROM `posts` WHERE (`posts`.`id` = 1) [0m
  [4;36;1mSQL (0.2ms)[0m   [0;1mSET NAMES 'utf8'[0m
  [4;35;1mSQL (0.1ms)[0m   [0mSET SQL_AUTO_IS_NULL=0[0m
  [4;36;1mPost Columns (1.9ms)[0m   [0;1mSHOW FIELDS FROM `posts`[0m
  [4;35;1mPost Load (0.3ms)[0m   [0mSELECT * FROM `posts` WHERE (`posts`.`id` = 1) [0m
  [4;36;1mEvent Columns (2.0ms)[0m   [0;1mSHOW FIELDS FROM `events`[0m
  [4;35;1mEvent Load (0.5ms)[0m   [0mSELECT * FROM `events` WHERE (`events`.`id` = 1) [0m
  [4;36;1mUser Columns (1.9ms)[0m   [0;1mSHOW FIELDS FROM `users`[0m
  [4;35;1mUser Load (0.4ms)[0m   [0mSELECT * FROM `users` WHERE (`users`.`id` = 1) [0m
  [4;36;1mSQL (0.1ms)[0m   [0;1mSET NAMES 'utf8'[0m
  [4;35;1mSQL (0.1ms)[0m   [0mSET SQL_AUTO_IS_NULL=0[0m
  [4;36;1mEvent Columns (1.6ms)[0m   [0;1mSHOW FIELDS FROM `events`[0m
  [4;35;1mEvent Columns (2.1ms)[0m   [0mSHOW FIELDS FROM `events`[0m
  [4;36;1mEvent Load (0.2ms)[0m   [0;1mSELECT * FROM `events` WHERE (`events`.`id` = 1) [0m
  [4;35;1mUser Columns (2.2ms)[0m   [0mSHOW FIELDS FROM `users`[0m
  [4;36;1mUser Load (0.3ms)[0m   [0;1mSELECT * FROM `users` WHERE (`users`.`id` = 1) [0m
  [4;35;1mSQL (0.1ms)[0m   [0mSET NAMES 'utf8'[0m
  [4;36;1mSQL (0.1ms)[0m   [0;1mSET SQL_AUTO_IS_NULL=0[0m
  [4;35;1mEvent Columns (1.5ms)[0m   [0mSHOW FIELDS FROM `events`[0m
  [4;36;1mEvent Load (9.3ms)[0m   [0;1mSELECT * FROM `events` WHERE (`events`.`id` = 1) [0m
  [4;35;1mUser Columns (1.8ms)[0m   [0mSHOW FIELDS FROM `users`[0m
  [4;36;1mUser Load (0.3ms)[0m   [0;1mSELECT * FROM `users` WHERE (`users`.`id` = 1) [0m
  [4;35;1mSQL (0.1ms)[0m   [0mSET NAMES 'utf8'[0m
  [4;36;1mSQL (0.2ms)[0m   [0;1mSET SQL_AUTO_IS_NULL=0[0m


Processing Admin::EventsController#show (for 127.0.0.1 at 2010-06-04 17:12:30) [GET]
  Parameters: {"action"=>"show", "id"=>"2", "controller"=>"admin/events"}
  [4;35;1mEvent Columns (1.9ms)[0m   [0mSHOW FIELDS FROM `events`[0m
  [4;36;1mEvent Load (0.7ms)[0m   [0;1mSELECT * FROM `events` WHERE (`events`.`id` = 2) [0m
Rendering template within layouts/application
Rendering admin/events/show
  [4;35;1mUser Columns (4.4ms)[0m   [0mSHOW FIELDS FROM `users`[0m
  [4;36;1mUser Load (0.3ms)[0m   [0;1mSELECT * FROM `users` WHERE (`users`.`id` = 1) [0m
  [4;35;1mUser Load (0.4ms)[0m   [0mSELECT * FROM `users` WHERE (`users`.`id` = '1') LIMIT 1[0m
  [4;36;1mSQL (0.1ms)[0m   [0;1mBEGIN[0m
  [4;35;1mUser Update (0.2ms)[0m   [0mUPDATE `users` SET `perishable_token` = 'VlSkWYU2eOnOXOae6CmT', `updated_at` = '2010-06-05 00:12:30', `last_request_at` = '2010-06-05 00:12:30' WHERE `id` = 1[0m
  [4;36;1mSQL (1.0ms)[0m   [0;1mCOMMIT[0m
Completed in 76ms (View: 41, DB: 10) | 200 OK [http://localhost/admin/events/2]
  [4;35;1mSQL (0.1ms)[0m   [0mSET NAMES 'utf8'[0m
  [4;36;1mSQL (3.4ms)[0m   [0;1mSET SQL_AUTO_IS_NULL=0[0m


Processing ApplicationController#index (for 127.0.0.1 at 2010-06-04 17:12:30) [GET]

ActionController::RoutingError (No route matches "/javascripts/ckeditor_autogrow.js" with {:method=>:get}):
  

Rendering rescues/layout (not_found)
  [4;35;1mSQL (0.1ms)[0m   [0mSET NAMES 'utf8'[0m
  [4;36;1mSQL (0.4ms)[0m   [0;1mSET SQL_AUTO_IS_NULL=0[0m


Processing Admin::EventsController#show (for 127.0.0.1 at 2010-06-04 17:15:06) [GET]
  Parameters: {"action"=>"show", "id"=>"2", "controller"=>"admin/events"}
  [4;35;1mEvent Columns (1.7ms)[0m   [0mSHOW FIELDS FROM `events`[0m
  [4;36;1mEvent Load (0.3ms)[0m   [0;1mSELECT * FROM `events` WHERE (`events`.`id` = 2) [0m
Rendering template within layouts/application
Rendering admin/events/show
  [4;35;1mUser Columns (1.8ms)[0m   [0mSHOW FIELDS FROM `users`[0m
  [4;36;1mUser Load (0.7ms)[0m   [0;1mSELECT * FROM `users` WHERE (`users`.`id` = 1) [0m
  [4;35;1mUser Load (0.3ms)[0m   [0mSELECT * FROM `users` WHERE (`users`.`id` = '1') LIMIT 1[0m
  [4;36;1mSQL (0.1ms)[0m   [0;1mBEGIN[0m
  [4;35;1mUser Update (0.3ms)[0m   [0mUPDATE `users` SET `perishable_token` = 'P6akVHoV-9WiT9ZnJ9KK', `updated_at` = '2010-06-05 00:15:06', `last_request_at` = '2010-06-05 00:15:06' WHERE `id` = 1[0m
  [4;36;1mSQL (23.8ms)[0m   [0;1mCOMMIT[0m
Completed in 98ms (View: 44, DB: 31) | 200 OK [http://localhost/admin/events/2]
  [4;35;1mSQL (0.1ms)[0m   [0mSET NAMES 'utf8'[0m
  [4;36;1mSQL (0.5ms)[0m   [0;1mSET SQL_AUTO_IS_NULL=0[0m


Processing ApplicationController#index (for 127.0.0.1 at 2010-06-04 17:15:06) [GET]

ActionController::RoutingError (No route matches "/javascripts/ckeditor_autogrow.js" with {:method=>:get}):
  

Rendering rescues/layout (not_found)
  [4;35;1mSQL (0.1ms)[0m   [0mSET NAMES 'utf8'[0m
  [4;36;1mSQL (0.1ms)[0m   [0;1mSET SQL_AUTO_IS_NULL=0[0m


Processing Admin::EventsController#destroy (for 127.0.0.1 at 2010-06-04 17:15:15) [DELETE]
  Parameters: {"action"=>"destroy", "_method"=>"delete", "authenticity_token"=>"v4V5TgoLiLhxmnc63K7YysFU29EtL1Dr0kdSlcwG/+Q=", "id"=>"2", "controller"=>"admin/events"}
  [4;35;1mEvent Columns (2.9ms)[0m   [0mSHOW FIELDS FROM `events`[0m
  [4;36;1mEvent Load (0.9ms)[0m   [0;1mSELECT * FROM `events` WHERE (`events`.`id` = 2) [0m
  [4;35;1mSQL (0.1ms)[0m   [0mBEGIN[0m
  [4;36;1mEvent Destroy (0.2ms)[0m   [0;1mDELETE FROM `events` WHERE `id` = 2[0m
  [4;35;1mSQL (0.5ms)[0m   [0mCOMMIT[0m
Redirected to http://localhost:3000/events
Completed in 80ms (DB: 5) | 302 Found [http://localhost/admin/events/2]
  [4;36;1mSQL (0.4ms)[0m   [0;1mSET NAMES 'utf8'[0m
  [4;35;1mSQL (0.1ms)[0m   [0mSET SQL_AUTO_IS_NULL=0[0m


Processing EventsController#index (for 127.0.0.1 at 2010-06-04 17:15:15) [GET]
  Parameters: {"action"=>"index", "controller"=>"events"}
  [4;36;1mEvent Load (1.9ms)[0m   [0;1mSELECT * FROM `events` [0m
Rendering template within layouts/application
Rendering events/index
  [4;35;1mEvent Columns (1.9ms)[0m   [0mSHOW FIELDS FROM `events`[0m
  [4;36;1mUser Columns (15.3ms)[0m   [0;1mSHOW FIELDS FROM `users`[0m
  [4;35;1mUser Load (0.3ms)[0m   [0mSELECT * FROM `users` WHERE (`users`.`id` = '1') LIMIT 1[0m
  [4;36;1mSQL (0.1ms)[0m   [0;1mBEGIN[0m
  [4;35;1mUser Update (0.2ms)[0m   [0mUPDATE `users` SET `perishable_token` = 'tMoPDaaQoLRZ8CegNDFk', `updated_at` = '2010-06-05 00:15:15', `last_request_at` = '2010-06-05 00:15:15' WHERE `id` = 1[0m
  [4;36;1mSQL (1.9ms)[0m   [0;1mCOMMIT[0m
Completed in 81ms (View: 39, DB: 23) | 200 OK [http://localhost/events]
  [4;35;1mSQL (0.8ms)[0m   [0mSET NAMES 'utf8'[0m
  [4;36;1mSQL (0.1ms)[0m   [0;1mSET SQL_AUTO_IS_NULL=0[0m


Processing ApplicationController#index (for 127.0.0.1 at 2010-06-04 17:15:15) [GET]

ActionController::RoutingError (No route matches "/javascripts/ckeditor_autogrow.js" with {:method=>:get}):
  

Rendering rescues/layout (not_found)
  [4;35;1mSQL (0.2ms)[0m   [0mSET NAMES 'utf8'[0m
  [4;36;1mSQL (0.2ms)[0m   [0;1mSET SQL_AUTO_IS_NULL=0[0m


Processing EventsController#edit (for 127.0.0.1 at 2010-06-04 17:15:24) [GET]
  Parameters: {"action"=>"edit", "id"=>"1", "controller"=>"events"}
  [4;35;1mEvent Columns (4.8ms)[0m   [0mSHOW FIELDS FROM `events`[0m
  [4;36;1mEvent Load (1.2ms)[0m   [0;1mSELECT * FROM `events` WHERE (`events`.`id` = 1) [0m
Rendering template within layouts/application
Rendering events/edit
Rendered events/_form (15.6ms)
  [4;35;1mUser Columns (2.7ms)[0m   [0mSHOW FIELDS FROM `users`[0m
  [4;36;1mUser Load (0.3ms)[0m   [0;1mSELECT * FROM `users` WHERE (`users`.`id` = '1') LIMIT 1[0m
  [4;35;1mSQL (0.1ms)[0m   [0mBEGIN[0m
  [4;36;1mUser Update (0.3ms)[0m   [0;1mUPDATE `users` SET `perishable_token` = 'a8IKYIefsiPkIh2vkm0T', `updated_at` = '2010-06-05 00:15:25', `last_request_at` = '2010-06-05 00:15:25' WHERE `id` = 1[0m
  [4;35;1mSQL (0.6ms)[0m   [0mCOMMIT[0m
Completed in 175ms (View: 145, DB: 11) | 200 OK [http://localhost/events/1/edit]
  [4;36;1mSQL (0.1ms)[0m   [0;1mSET NAMES 'utf8'[0m
  [4;35;1mSQL (0.1ms)[0m   [0mSET SQL_AUTO_IS_NULL=0[0m


Processing ApplicationController#index (for 127.0.0.1 at 2010-06-04 17:15:25) [GET]

ActionController::RoutingError (No route matches "/javascripts/ckeditor_autogrow.js" with {:method=>:get}):
  

Rendering rescues/layout (not_found)
  [4;36;1mSQL (0.1ms)[0m   [0;1mSET NAMES 'utf8'[0m
  [4;35;1mSQL (0.1ms)[0m   [0mSET SQL_AUTO_IS_NULL=0[0m


Processing Admin::EventsController#show (for 127.0.0.1 at 2010-06-04 17:16:33) [GET]
  Parameters: {"action"=>"show", "id"=>"2", "controller"=>"admin/events"}
  [4;36;1mEvent Columns (1.5ms)[0m   [0;1mSHOW FIELDS FROM `events`[0m
  [4;35;1mEvent Load (0.2ms)[0m   [0mSELECT * FROM `events` WHERE (`events`.`id` = 2) [0m

ActiveRecord::RecordNotFound (Couldn't find Event with ID=2):
  app/controllers/admin/events_controller.rb:7:in `show'

Rendered rescues/_trace (125.3ms)
Rendered rescues/_request_and_response (1.2ms)
Rendering rescues/layout (not_found)
  [4;36;1mSQL (0.1ms)[0m   [0;1mSET NAMES 'utf8'[0m
  [4;35;1mSQL (0.1ms)[0m   [0mSET SQL_AUTO_IS_NULL=0[0m


Processing Admin::EventsController#index (for 127.0.0.1 at 2010-06-04 17:16:42) [GET]
  Parameters: {"action"=>"index", "controller"=>"admin/events"}
  [4;36;1mEvent Load (1.1ms)[0m   [0;1mSELECT * FROM `events` [0m
Rendering template within layouts/application
Rendering admin/events/index
  [4;35;1mEvent Columns (4.7ms)[0m   [0mSHOW FIELDS FROM `events`[0m
  [4;36;1mUser Columns (2.0ms)[0m   [0;1mSHOW FIELDS FROM `users`[0m
  [4;35;1mUser Load (0.4ms)[0m   [0mSELECT * FROM `users` WHERE (`users`.`id` = '1') LIMIT 1[0m
  [4;36;1mSQL (0.1ms)[0m   [0;1mBEGIN[0m
  [4;35;1mUser Update (0.2ms)[0m   [0mUPDATE `users` SET `perishable_token` = 'MI9xnOX81JVVA5OVhLt7', `updated_at` = '2010-06-05 00:16:42', `last_request_at` = '2010-06-05 00:16:42' WHERE `id` = 1[0m
  [4;36;1mSQL (0.5ms)[0m   [0;1mCOMMIT[0m
Completed in 70ms (View: 39, DB: 9) | 200 OK [http://localhost/admin/events]
  [4;35;1mSQL (0.1ms)[0m   [0mSET NAMES 'utf8'[0m
  [4;36;1mSQL (0.1ms)[0m   [0;1mSET SQL_AUTO_IS_NULL=0[0m


Processing ApplicationController#index (for 127.0.0.1 at 2010-06-04 17:16:42) [GET]

ActionController::RoutingError (No route matches "/javascripts/ckeditor_autogrow.js" with {:method=>:get}):
  

Rendering rescues/layout (not_found)
  [4;35;1mSQL (0.1ms)[0m   [0mSET NAMES 'utf8'[0m
  [4;36;1mSQL (0.1ms)[0m   [0;1mSET SQL_AUTO_IS_NULL=0[0m


Processing Admin::EventsController#new (for 127.0.0.1 at 2010-06-04 17:16:44) [GET]
  Parameters: {"action"=>"new", "controller"=>"admin/events"}
  [4;35;1mEvent Columns (3.5ms)[0m   [0mSHOW FIELDS FROM `events`[0m
Rendering template within layouts/application
Rendering admin/events/new
  [4;36;1mUser Columns (2.6ms)[0m   [0;1mSHOW FIELDS FROM `users`[0m
  [4;35;1mUser Load (0.4ms)[0m   [0mSELECT * FROM `users` WHERE (`users`.`id` = '1') LIMIT 1[0m
  [4;36;1mSQL (0.3ms)[0m   [0;1mBEGIN[0m
  [4;35;1mUser Update (0.3ms)[0m   [0mUPDATE `users` SET `perishable_token` = 'JbFx1WNCeKiVDPgRDpcl', `updated_at` = '2010-06-05 00:16:44', `last_request_at` = '2010-06-05 00:16:44' WHERE `id` = 1[0m
  [4;36;1mSQL (0.6ms)[0m   [0;1mCOMMIT[0m
Rendered admin/events/_form (149.1ms)
Completed in 182ms (View: 148, DB: 8) | 200 OK [http://localhost/admin/events/new]
  [4;35;1mSQL (0.1ms)[0m   [0mSET NAMES 'utf8'[0m
  [4;36;1mSQL (0.1ms)[0m   [0;1mSET SQL_AUTO_IS_NULL=0[0m


Processing ApplicationController#index (for 127.0.0.1 at 2010-06-04 17:16:44) [GET]

ActionController::RoutingError (No route matches "/javascripts/ckeditor_autogrow.js" with {:method=>:get}):
  

Rendering rescues/layout (not_found)
  [4;35;1mSQL (0.1ms)[0m   [0mSET NAMES 'utf8'[0m
  [4;36;1mSQL (0.4ms)[0m   [0;1mSET SQL_AUTO_IS_NULL=0[0m


Processing Admin::EventsController#create (for 127.0.0.1 at 2010-06-04 17:16:57) [POST]
  Parameters: {"commit"=>"Save changes", "action"=>"create", "authenticity_token"=>"v4V5TgoLiLhxmnc63K7YysFU29EtL1Dr0kdSlcwG/+Q=", "event"=>{"time(1i)"=>"2010", "time(2i)"=>"6", "time(3i)"=>"5", "body"=>"<p>\r\n\t<span style=\"background-color:#ffd700;\">adfasdfasdfa</span></p>\r\n", "title"=>"new event", "time(4i)"=>"00", "time(5i)"=>"16", "user_id"=>"1", "poll_id"=>"0", "active"=>"1"}, "controller"=>"admin/events"}
  [4;35;1mEvent Columns (1.8ms)[0m   [0mSHOW FIELDS FROM `events`[0m
  [4;36;1mSQL (0.1ms)[0m   [0;1mBEGIN[0m
  [4;35;1mEvent Create (0.2ms)[0m   [0mINSERT INTO `events` (`updated_at`, `title`, `body`, `time`, `user_id`, `poll_id`, `active`, `created_at`) VALUES('2010-06-05 00:16:57', 'new event', '<p>\r\n	<span style=\"background-color:#ffd700;\">adfasdfasdfa</span></p>\r\n', '2010-06-05 00:16:00', 1, 0, 1, '2010-06-05 00:16:57')[0m
  [4;36;1mSQL (0.4ms)[0m   [0;1mCOMMIT[0m
Redirected to http://localhost:3000/admin/events/3
Completed in 14ms (DB: 3) | 302 Found [http://localhost/admin/events]
  [4;35;1mSQL (0.1ms)[0m   [0mSET NAMES 'utf8'[0m
  [4;36;1mSQL (0.1ms)[0m   [0;1mSET SQL_AUTO_IS_NULL=0[0m


Processing Admin::EventsController#show (for 127.0.0.1 at 2010-06-04 17:16:57) [GET]
  Parameters: {"action"=>"show", "id"=>"3", "controller"=>"admin/events"}
  [4;35;1mEvent Columns (1.7ms)[0m   [0mSHOW FIELDS FROM `events`[0m
  [4;36;1mEvent Load (0.2ms)[0m   [0;1mSELECT * FROM `events` WHERE (`events`.`id` = 3) [0m
Rendering template within layouts/application
Rendering admin/events/show
  [4;35;1mUser Columns (1.7ms)[0m   [0mSHOW FIELDS FROM `users`[0m
  [4;36;1mUser Load (1.8ms)[0m   [0;1mSELECT * FROM `users` WHERE (`users`.`id` = 1) [0m
  [4;35;1mUser Load (0.3ms)[0m   [0mSELECT * FROM `users` WHERE (`users`.`id` = '1') LIMIT 1[0m
  [4;36;1mSQL (2.2ms)[0m   [0;1mBEGIN[0m
  [4;35;1mUser Update (0.3ms)[0m   [0mUPDATE `users` SET `perishable_token` = 'qXsQV3J1NjcclL2bUE9t', `updated_at` = '2010-06-05 00:16:57', `last_request_at` = '2010-06-05 00:16:57' WHERE `id` = 1[0m
  [4;36;1mSQL (0.6ms)[0m   [0;1mCOMMIT[0m
Completed in 150ms (View: 118, DB: 10) | 200 OK [http://localhost/admin/events/3]
  [4;35;1mSQL (3.3ms)[0m   [0mSET NAMES 'utf8'[0m
  [4;36;1mSQL (2.5ms)[0m   [0;1mSET SQL_AUTO_IS_NULL=0[0m


Processing ApplicationController#index (for 127.0.0.1 at 2010-06-04 17:16:58) [GET]

ActionController::RoutingError (No route matches "/javascripts/ckeditor_autogrow.js" with {:method=>:get}):
  

Rendering rescues/layout (not_found)
  [4;35;1mSQL (0.1ms)[0m   [0mSET NAMES 'utf8'[0m
  [4;36;1mSQL (0.1ms)[0m   [0;1mSET SQL_AUTO_IS_NULL=0[0m


Processing Admin::EventsController#index (for 127.0.0.1 at 2010-06-04 17:17:00) [GET]
  Parameters: {"action"=>"index", "controller"=>"admin/events"}
  [4;35;1mEvent Load (0.3ms)[0m   [0mSELECT * FROM `events` [0m
Rendering template within layouts/application
Rendering admin/events/index
  [4;36;1mEvent Columns (2.7ms)[0m   [0;1mSHOW FIELDS FROM `events`[0m
  [4;35;1mUser Columns (2.5ms)[0m   [0mSHOW FIELDS FROM `users`[0m
  [4;36;1mUser Load (0.3ms)[0m   [0;1mSELECT * FROM `users` WHERE (`users`.`id` = '1') LIMIT 1[0m
  [4;35;1mSQL (0.2ms)[0m   [0mBEGIN[0m
  [4;36;1mUser Update (0.2ms)[0m   [0;1mUPDATE `users` SET `perishable_token` = 'c5RiPyrMAa6GfdGnyLQG', `updated_at` = '2010-06-05 00:17:00', `last_request_at` = '2010-06-05 00:17:00' WHERE `id` = 1[0m
  [4;35;1mSQL (0.4ms)[0m   [0mCOMMIT[0m
Completed in 66ms (View: 42, DB: 7) | 200 OK [http://localhost/admin/events]
  [4;36;1mSQL (0.1ms)[0m   [0;1mSET NAMES 'utf8'[0m
  [4;35;1mSQL (0.1ms)[0m   [0mSET SQL_AUTO_IS_NULL=0[0m


Processing ApplicationController#index (for 127.0.0.1 at 2010-06-04 17:17:00) [GET]

ActionController::RoutingError (No route matches "/javascripts/ckeditor_autogrow.js" with {:method=>:get}):
  

Rendering rescues/layout (not_found)
  [4;36;1mSQL (0.1ms)[0m   [0;1mSET NAMES 'utf8'[0m
  [4;35;1mSQL (0.1ms)[0m   [0mSET SQL_AUTO_IS_NULL=0[0m


Processing Admin::EventsController#index (for 127.0.0.1 at 2010-06-04 17:18:11) [GET]
  Parameters: {"action"=>"index", "controller"=>"admin/events"}
  [4;36;1mEvent Load (0.3ms)[0m   [0;1mSELECT * FROM `events` [0m
Rendering template within layouts/application
Rendering admin/events/index
  [4;35;1mEvent Columns (1.6ms)[0m   [0mSHOW FIELDS FROM `events`[0m
  [4;36;1mUser Columns (1.8ms)[0m   [0;1mSHOW FIELDS FROM `users`[0m
  [4;35;1mUser Load (0.3ms)[0m   [0mSELECT * FROM `users` WHERE (`users`.`id` = '1') LIMIT 1[0m
  [4;36;1mSQL (0.1ms)[0m   [0;1mBEGIN[0m
  [4;35;1mUser Update (12.6ms)[0m   [0mUPDATE `users` SET `perishable_token` = 'AAGoKJLKB-BQHFYEEuOr', `updated_at` = '2010-06-05 00:18:11', `last_request_at` = '2010-06-05 00:18:11' WHERE `id` = 1[0m
  [4;36;1mSQL (0.6ms)[0m   [0;1mCOMMIT[0m
Completed in 82ms (View: 43, DB: 18) | 200 OK [http://localhost/admin/events]
  [4;35;1mSQL (0.1ms)[0m   [0mSET NAMES 'utf8'[0m
  [4;36;1mSQL (3.0ms)[0m   [0;1mSET SQL_AUTO_IS_NULL=0[0m


Processing ApplicationController#index (for 127.0.0.1 at 2010-06-04 17:18:12) [GET]

ActionController::RoutingError (No route matches "/javascripts/ckeditor_autogrow.js" with {:method=>:get}):
  

Rendering rescues/layout (not_found)
  [4;35;1mSQL (0.1ms)[0m   [0mSET NAMES 'utf8'[0m
  [4;36;1mSQL (0.1ms)[0m   [0;1mSET SQL_AUTO_IS_NULL=0[0m


Processing Admin::EventsController#show (for 127.0.0.1 at 2010-06-04 17:18:14) [GET]
  Parameters: {"action"=>"show", "id"=>"1", "controller"=>"admin/events"}
  [4;35;1mEvent Columns (2.4ms)[0m   [0mSHOW FIELDS FROM `events`[0m
  [4;36;1mEvent Load (0.2ms)[0m   [0;1mSELECT * FROM `events` WHERE (`events`.`id` = 1) [0m
Rendering template within layouts/application
Rendering admin/events/show
  [4;35;1mUser Columns (6.7ms)[0m   [0mSHOW FIELDS FROM `users`[0m
  [4;36;1mUser Load (1.4ms)[0m   [0;1mSELECT * FROM `users` WHERE (`users`.`id` = 1) [0m
  [4;35;1mUser Load (0.4ms)[0m   [0mSELECT * FROM `users` WHERE (`users`.`id` = '1') LIMIT 1[0m
  [4;36;1mSQL (0.1ms)[0m   [0;1mBEGIN[0m
  [4;35;1mUser Update (0.2ms)[0m   [0mUPDATE `users` SET `perishable_token` = '3HgGjQ5mT8vhWXnQ2HBq', `updated_at` = '2010-06-05 00:18:14', `last_request_at` = '2010-06-05 00:18:14' WHERE `id` = 1[0m
  [4;36;1mSQL (0.4ms)[0m   [0;1mCOMMIT[0m
Completed in 72ms (View: 40, DB: 14) | 200 OK [http://localhost/admin/events/1]
  [4;35;1mSQL (0.1ms)[0m   [0mSET NAMES 'utf8'[0m
  [4;36;1mSQL (0.1ms)[0m   [0;1mSET SQL_AUTO_IS_NULL=0[0m


Processing ApplicationController#index (for 127.0.0.1 at 2010-06-04 17:18:14) [GET]

ActionController::RoutingError (No route matches "/javascripts/ckeditor_autogrow.js" with {:method=>:get}):
  

Rendering rescues/layout (not_found)
  [4;35;1mSQL (0.2ms)[0m   [0mSET NAMES 'utf8'[0m
  [4;36;1mSQL (0.1ms)[0m   [0;1mSET SQL_AUTO_IS_NULL=0[0m


Processing Admin::EventsController#edit (for 127.0.0.1 at 2010-06-04 17:18:22) [GET]
  Parameters: {"action"=>"edit", "id"=>"1", "controller"=>"admin/events"}
  [4;35;1mEvent Columns (2.3ms)[0m   [0mSHOW FIELDS FROM `events`[0m
  [4;36;1mEvent Load (0.2ms)[0m   [0;1mSELECT * FROM `events` WHERE (`events`.`id` = 1) [0m
Rendering template within layouts/application
Rendering admin/events/edit
  [4;35;1mUser Columns (2.5ms)[0m   [0mSHOW FIELDS FROM `users`[0m
  [4;36;1mUser Load (0.7ms)[0m   [0;1mSELECT * FROM `users` WHERE (`users`.`id` = '1') LIMIT 1[0m
  [4;35;1mSQL (0.1ms)[0m   [0mBEGIN[0m
  [4;36;1mUser Update (0.2ms)[0m   [0;1mUPDATE `users` SET `perishable_token` = 't6r2RbhN3WPOw2eMPM1d', `updated_at` = '2010-06-05 00:18:22', `last_request_at` = '2010-06-05 00:18:22' WHERE `id` = 1[0m
  [4;35;1mSQL (0.5ms)[0m   [0mCOMMIT[0m
Completed in 131ms (View: 100, DB: 7) | 200 OK [http://localhost/admin/events/1/edit]
  [4;36;1mSQL (0.1ms)[0m   [0;1mSET NAMES 'utf8'[0m
  [4;35;1mSQL (0.2ms)[0m   [0mSET SQL_AUTO_IS_NULL=0[0m


Processing ApplicationController#index (for 127.0.0.1 at 2010-06-04 17:18:22) [GET]

ActionController::RoutingError (No route matches "/javascripts/ckeditor_autogrow.js" with {:method=>:get}):
  

Rendering rescues/layout (not_found)
  [4;36;1mSQL (0.1ms)[0m   [0;1mSET NAMES 'utf8'[0m
  [4;35;1mSQL (0.1ms)[0m   [0mSET SQL_AUTO_IS_NULL=0[0m


Processing Admin::EventsController#destroy (for 127.0.0.1 at 2010-06-04 17:18:31) [DELETE]
  Parameters: {"action"=>"destroy", "_method"=>"delete", "authenticity_token"=>"v4V5TgoLiLhxmnc63K7YysFU29EtL1Dr0kdSlcwG/+Q=", "id"=>"3", "controller"=>"admin/events"}
  [4;36;1mEvent Columns (1.6ms)[0m   [0;1mSHOW FIELDS FROM `events`[0m
  [4;35;1mEvent Load (0.6ms)[0m   [0mSELECT * FROM `events` WHERE (`events`.`id` = 3) [0m
  [4;36;1mSQL (0.1ms)[0m   [0;1mBEGIN[0m
  [4;35;1mEvent Destroy (0.3ms)[0m   [0mDELETE FROM `events` WHERE `id` = 3[0m
  [4;36;1mSQL (0.5ms)[0m   [0;1mCOMMIT[0m
Redirected to http://localhost:3000/admin/events
Completed in 15ms (DB: 3) | 302 Found [http://localhost/admin/events/3]
  [4;35;1mSQL (0.1ms)[0m   [0mSET NAMES 'utf8'[0m
  [4;36;1mSQL (0.1ms)[0m   [0;1mSET SQL_AUTO_IS_NULL=0[0m


Processing Admin::EventsController#index (for 127.0.0.1 at 2010-06-04 17:18:31) [GET]
  Parameters: {"action"=>"index", "controller"=>"admin/events"}
  [4;35;1mEvent Load (0.3ms)[0m   [0mSELECT * FROM `events` [0m
Rendering template within layouts/application
Rendering admin/events/index
  [4;36;1mEvent Columns (1.5ms)[0m   [0;1mSHOW FIELDS FROM `events`[0m
  [4;35;1mUser Columns (7.8ms)[0m   [0mSHOW FIELDS FROM `users`[0m
  [4;36;1mUser Load (0.3ms)[0m   [0;1mSELECT * FROM `users` WHERE (`users`.`id` = '1') LIMIT 1[0m
  [4;35;1mSQL (0.3ms)[0m   [0mBEGIN[0m
  [4;36;1mUser Update (0.2ms)[0m   [0;1mUPDATE `users` SET `perishable_token` = 'lz9BdEzzZ_jmwx2i8jqw', `updated_at` = '2010-06-05 00:18:31', `last_request_at` = '2010-06-05 00:18:31' WHERE `id` = 1[0m
  [4;35;1mSQL (0.4ms)[0m   [0mCOMMIT[0m
Completed in 150ms (View: 42, DB: 11) | 200 OK [http://localhost/admin/events]
  [4;36;1mSQL (0.1ms)[0m   [0;1mSET NAMES 'utf8'[0m
  [4;35;1mSQL (0.9ms)[0m   [0mSET SQL_AUTO_IS_NULL=0[0m


Processing ApplicationController#index (for 127.0.0.1 at 2010-06-04 17:18:31) [GET]

ActionController::RoutingError (No route matches "/javascripts/ckeditor_autogrow.js" with {:method=>:get}):
  

Rendering rescues/layout (not_found)
